{"logTime":"0725/084852", "correlationVector":"pUHWReSWS4zhfViGvU4672.1","action":"SyncServerConnectionManagerRequest", "result":"SYNC_SERVER_OK", "context":{"environment":"48F630A6-CB1B-4CC7-86AF-0F6627234B58", "server":"AM3PEPF0000097A"}}
{"logTime":"0725/084858", "correlationVector":"ZarAf0KRQiro8xeXN014B3.1","action":"SyncServerConnectionManagerRequest", "result":"SYNC_SERVER_OK", "context":{"environment":"48F630A6-CB1B-4CC7-86AF-0F6627234B58", "server":"AM3PEPF0000097A"}}
{"logTime":"0725/084902", "correlationVector":"pUHWReSWS4zhfViGvU4672","action":"Initial GetUpdates", "result":""}
{"logTime":"0725/084902", "correlationVector":"pUHWReSWS4zhfViGvU4672.2","action":"GetUpdates Response", "result":"SERVER_MORE_TO_DOWNLOAD"}
{"logTime":"0725/084902", "correlationVector":"ZarAf0KRQiro8xeXN014B3","action":"Initial GetUpdates", "result":""}
{"logTime":"0725/084902", "correlationVector":"ZarAf0KRQiro8xeXN014B3.2","action":"GetUpdates Response", "result":"SYNCER_OK"}
{"logTime":"0725/084903", "correlationVector":"ZzSLszYRwWIjQPdUOGJuyt","action":"SyncServerConnectionManagerRequest", "result":"SYNC_SERVER_OK", "context":{"environment":"", "server":""}}
{"logTime":"0725/084903", "correlationVector":"OpV18yuR9TreYCEShKtbqL","action":"Initial GetUpdates", "result":""}
{"logTime":"0725/084906", "correlationVector":"OpV18yuR9TreYCEShKtbqL.1","action":"SyncServerConnectionManagerRequest", "result":"SYNC_SERVER_OK", "context":{"environment":"48F630A6-CB1B-4CC7-86AF-0F6627234B58", "server":"AM3PEPF0000099E"}}
{"logTime":"0725/084906", "correlationVector":"OpV18yuR9TreYCEShKtbqL.2","action":"GetUpdates Response", "result":"SERVER_MORE_TO_DOWNLOAD"}
{"logTime":"0725/084906", "correlationVector":"nzb9qGjEtU6oIpWFGJCFQ6","action":"Initial GetUpdates", "result":""}
{"logTime":"0725/084912", "correlationVector":"nzb9qGjEtU6oIpWFGJCFQ6.1","action":"SyncServerConnectionManagerRequest", "result":"SYNC_SERVER_OK", "context":{"environment":"48F630A6-CB1B-4CC7-86AF-0F6627234B58", "server":"AM3PEPF0000099E"}}
{"logTime":"0725/084912", "correlationVector":"nzb9qGjEtU6oIpWFGJCFQ6.2","action":"GetUpdates Response", "result":"SERVER_MORE_TO_DOWNLOAD"}
{"logTime":"0725/084912", "correlationVector":"qtTY9a9bb7DurpZoAmq59s","action":"Initial GetUpdates", "result":""}
{"logTime":"0725/084913", "correlationVector":"qtTY9a9bb7DurpZoAmq59s.1","action":"SyncServerConnectionManagerRequest", "result":"SYNC_SERVER_OK", "context":{"environment":"48F630A6-CB1B-4CC7-86AF-0F6627234B58", "server":"AM3PEPF0000099E"}}
{"logTime":"0725/084913", "correlationVector":"qtTY9a9bb7DurpZoAmq59s.2","action":"GetUpdates Response", "result":"SERVER_MORE_TO_DOWNLOAD"}
{"logTime":"0725/084913", "correlationVector":"s1AfwtFzjgKrk5O6i8Z/Hf","action":"Initial GetUpdates", "result":""}
{"logTime":"0725/084914", "correlationVector":"s1AfwtFzjgKrk5O6i8Z/Hf.1","action":"SyncServerConnectionManagerRequest", "result":"SYNC_SERVER_OK", "context":{"environment":"48F630A6-CB1B-4CC7-86AF-0F6627234B58", "server":"AM3PEPF0000099E"}}
{"logTime":"0725/084914", "correlationVector":"s1AfwtFzjgKrk5O6i8Z/Hf.2","action":"GetUpdates Response", "result":"SERVER_MORE_TO_DOWNLOAD"}
{"logTime":"0725/084914", "correlationVector":"TSgOjuJWP4Ssy55FyHUsk4","action":"Initial GetUpdates", "result":""}
{"logTime":"0725/084914", "correlationVector":"TSgOjuJWP4Ssy55FyHUsk4.1","action":"SyncServerConnectionManagerRequest", "result":"SYNC_SERVER_OK", "context":{"environment":"48F630A6-CB1B-4CC7-86AF-0F6627234B58", "server":"AM3PEPF0000099E"}}
{"logTime":"0725/084914", "correlationVector":"TSgOjuJWP4Ssy55FyHUsk4.2","action":"GetUpdates Response", "result":"SYNCER_OK"}
{"logTime":"0725/084915", "correlationVector":"CBqzYQ/nllvrKhpfdQ/Esw","action":"Initial GetUpdates", "result":""}
{"logTime":"0725/084916", "correlationVector":"CBqzYQ/nllvrKhpfdQ/Esw.1","action":"SyncServerConnectionManagerRequest", "result":"SYNC_SERVER_OK", "context":{"environment":"48F630A6-CB1B-4CC7-86AF-0F6627234B58", "server":"AM3PEPF0000099E"}}
{"logTime":"0725/084916", "correlationVector":"CBqzYQ/nllvrKhpfdQ/Esw.2","action":"GetUpdates Response", "result":"SERVER_MORE_TO_DOWNLOAD"}
{"logTime":"0725/084916", "correlationVector":"4tFsPqiwBFtLhp+NPI0qcn","action":"Initial GetUpdates", "result":""}
{"logTime":"0725/084917", "correlationVector":"4tFsPqiwBFtLhp+NPI0qcn.1","action":"SyncServerConnectionManagerRequest", "result":"SYNC_SERVER_OK", "context":{"environment":"48F630A6-CB1B-4CC7-86AF-0F6627234B58", "server":"AM3PEPF0000099E"}}
{"logTime":"0725/084917", "correlationVector":"4tFsPqiwBFtLhp+NPI0qcn.2","action":"GetUpdates Response", "result":"SERVER_MORE_TO_DOWNLOAD"}
{"logTime":"0725/084917", "correlationVector":"fs+TcZ1JejpJ20XuEHY/wa","action":"Initial GetUpdates", "result":""}
{"logTime":"0725/084919", "correlationVector":"fs+TcZ1JejpJ20XuEHY/wa.1","action":"SyncServerConnectionManagerRequest", "result":"SYNC_SERVER_OK", "context":{"environment":"48F630A6-CB1B-4CC7-86AF-0F6627234B58", "server":"AM3PEPF0000099E"}}
{"logTime":"0725/084919", "correlationVector":"fs+TcZ1JejpJ20XuEHY/wa.2","action":"GetUpdates Response", "result":"SERVER_MORE_TO_DOWNLOAD"}
{"logTime":"0725/084919", "correlationVector":"gRXuidEb4Af8Tg+MQLZmYW","action":"Initial GetUpdates", "result":""}
{"logTime":"0725/084920", "correlationVector":"gRXuidEb4Af8Tg+MQLZmYW.1","action":"SyncServerConnectionManagerRequest", "result":"SYNC_SERVER_OK", "context":{"environment":"48F630A6-CB1B-4CC7-86AF-0F6627234B58", "server":"AM3PEPF0000099E"}}
{"logTime":"0725/084920", "correlationVector":"gRXuidEb4Af8Tg+MQLZmYW.2","action":"GetUpdates Response", "result":"SERVER_MORE_TO_DOWNLOAD"}
{"logTime":"0725/084920", "correlationVector":"XnZJIhXDVdcjslWsxTqjmB","action":"Initial GetUpdates", "result":""}
{"logTime":"0725/084921", "correlationVector":"XnZJIhXDVdcjslWsxTqjmB.1","action":"SyncServerConnectionManagerRequest", "result":"SYNC_SERVER_OK", "context":{"environment":"48F630A6-CB1B-4CC7-86AF-0F6627234B58", "server":"AM3PEPF0000099E"}}
{"logTime":"0725/084921", "correlationVector":"XnZJIhXDVdcjslWsxTqjmB.2","action":"GetUpdates Response", "result":"SERVER_MORE_TO_DOWNLOAD"}
{"logTime":"0725/084921", "correlationVector":"3iwJgnfGpGRnE+vLKv4nEA","action":"Initial GetUpdates", "result":""}
{"logTime":"0725/084923", "correlationVector":"3iwJgnfGpGRnE+vLKv4nEA.1","action":"SyncServerConnectionManagerRequest", "result":"SYNC_SERVER_OK", "context":{"environment":"48F630A6-CB1B-4CC7-86AF-0F6627234B58", "server":"AM3PEPF0000099E"}}
{"logTime":"0725/084923", "correlationVector":"3iwJgnfGpGRnE+vLKv4nEA.2","action":"GetUpdates Response", "result":"SERVER_MORE_TO_DOWNLOAD"}
{"logTime":"0725/084923", "correlationVector":"snSN3lcA8l5hIcG+JgLoOH","action":"Initial GetUpdates", "result":""}
{"logTime":"0725/084924", "correlationVector":"snSN3lcA8l5hIcG+JgLoOH.1","action":"SyncServerConnectionManagerRequest", "result":"SYNC_SERVER_OK", "context":{"environment":"48F630A6-CB1B-4CC7-86AF-0F6627234B58", "server":"AM3PEPF0000099E"}}
{"logTime":"0725/084924", "correlationVector":"snSN3lcA8l5hIcG+JgLoOH.2","action":"GetUpdates Response", "result":"SERVER_MORE_TO_DOWNLOAD"}
{"logTime":"0725/084924", "correlationVector":"yDLTUqbPtgSpGMxuRRv2it","action":"Initial GetUpdates", "result":""}
{"logTime":"0725/084925", "correlationVector":"yDLTUqbPtgSpGMxuRRv2it.1","action":"SyncServerConnectionManagerRequest", "result":"SYNC_SERVER_OK", "context":{"environment":"48F630A6-CB1B-4CC7-86AF-0F6627234B58", "server":"AM3PEPF0000099E"}}
{"logTime":"0725/084925", "correlationVector":"yDLTUqbPtgSpGMxuRRv2it.2","action":"GetUpdates Response", "result":"SERVER_MORE_TO_DOWNLOAD"}
{"logTime":"0725/084925", "correlationVector":"8vbdMQi4KAld1J9Pykv46d","action":"Initial GetUpdates", "result":""}
{"logTime":"0725/084927", "correlationVector":"8vbdMQi4KAld1J9Pykv46d.1","action":"SyncServerConnectionManagerRequest", "result":"SYNC_SERVER_OK", "context":{"environment":"48F630A6-CB1B-4CC7-86AF-0F6627234B58", "server":"AM3PEPF0000099E"}}
{"logTime":"0725/084927", "correlationVector":"8vbdMQi4KAld1J9Pykv46d.2","action":"GetUpdates Response", "result":"SERVER_MORE_TO_DOWNLOAD"}
{"logTime":"0725/084927", "correlationVector":"GDQmoXqSNATqtDOcis1Nbh","action":"Initial GetUpdates", "result":""}
{"logTime":"0725/084929", "correlationVector":"GDQmoXqSNATqtDOcis1Nbh.1","action":"SyncServerConnectionManagerRequest", "result":"SYNC_SERVER_OK", "context":{"environment":"48F630A6-CB1B-4CC7-86AF-0F6627234B58", "server":"AM3PEPF0000099E"}}
{"logTime":"0725/084929", "correlationVector":"GDQmoXqSNATqtDOcis1Nbh.2","action":"GetUpdates Response", "result":"SERVER_MORE_TO_DOWNLOAD"}
{"logTime":"0725/084929", "correlationVector":"L7UMyNr9ZwFJe6JySij5uc","action":"Initial GetUpdates", "result":""}
{"logTime":"0725/084930", "correlationVector":"L7UMyNr9ZwFJe6JySij5uc.1","action":"SyncServerConnectionManagerRequest", "result":"SYNC_SERVER_OK", "context":{"environment":"48F630A6-CB1B-4CC7-86AF-0F6627234B58", "server":"AM3PEPF0000099E"}}
{"logTime":"0725/084930", "correlationVector":"L7UMyNr9ZwFJe6JySij5uc.2","action":"GetUpdates Response", "result":"SERVER_MORE_TO_DOWNLOAD"}
{"logTime":"0725/084930", "correlationVector":"BbaJrAK4UTYhHtTNKuS8a5","action":"Initial GetUpdates", "result":""}
{"logTime":"0725/084931", "correlationVector":"BbaJrAK4UTYhHtTNKuS8a5.1","action":"SyncServerConnectionManagerRequest", "result":"SYNC_SERVER_OK", "context":{"environment":"48F630A6-CB1B-4CC7-86AF-0F6627234B58", "server":"AM3PEPF0000099E"}}
{"logTime":"0725/084931", "correlationVector":"BbaJrAK4UTYhHtTNKuS8a5.2","action":"GetUpdates Response", "result":"SERVER_MORE_TO_DOWNLOAD"}
{"logTime":"0725/084931", "correlationVector":"2/0YuWmkGHpt5r6XzS67W4","action":"Initial GetUpdates", "result":""}
{"logTime":"0725/084933", "correlationVector":"2/0YuWmkGHpt5r6XzS67W4.1","action":"SyncServerConnectionManagerRequest", "result":"SYNC_SERVER_OK", "context":{"environment":"48F630A6-CB1B-4CC7-86AF-0F6627234B58", "server":"AM3PEPF0000099E"}}
{"logTime":"0725/084933", "correlationVector":"2/0YuWmkGHpt5r6XzS67W4.2","action":"GetUpdates Response", "result":"SERVER_MORE_TO_DOWNLOAD"}
{"logTime":"0725/084933", "correlationVector":"vB99N7qmFb7YFvaTS20kl7","action":"Initial GetUpdates", "result":""}
{"logTime":"0725/084935", "correlationVector":"vB99N7qmFb7YFvaTS20kl7.1","action":"SyncServerConnectionManagerRequest", "result":"SYNC_SERVER_OK", "context":{"environment":"48F630A6-CB1B-4CC7-86AF-0F6627234B58", "server":"AM3PEPF0000099E"}}
{"logTime":"0725/084935", "correlationVector":"vB99N7qmFb7YFvaTS20kl7.2","action":"GetUpdates Response", "result":"SERVER_MORE_TO_DOWNLOAD"}
{"logTime":"0725/084935", "correlationVector":"lPA7iRdtXZFX57RSd46Qw4","action":"Initial GetUpdates", "result":""}
{"logTime":"0725/084936", "correlationVector":"lPA7iRdtXZFX57RSd46Qw4.1","action":"SyncServerConnectionManagerRequest", "result":"SYNC_SERVER_OK", "context":{"environment":"48F630A6-CB1B-4CC7-86AF-0F6627234B58", "server":"AM3PEPF0000099E"}}
{"logTime":"0725/084936", "correlationVector":"lPA7iRdtXZFX57RSd46Qw4.2","action":"GetUpdates Response", "result":"SERVER_MORE_TO_DOWNLOAD"}
{"logTime":"0725/084936", "correlationVector":"ETjW/L3xwWV9mUY+cdb+4+","action":"Initial GetUpdates", "result":""}
{"logTime":"0725/084938", "correlationVector":"ETjW/L3xwWV9mUY+cdb+4+.1","action":"SyncServerConnectionManagerRequest", "result":"SYNC_SERVER_OK", "context":{"environment":"48F630A6-CB1B-4CC7-86AF-0F6627234B58", "server":"AM3PEPF0000099E"}}
{"logTime":"0725/084938", "correlationVector":"ETjW/L3xwWV9mUY+cdb+4+.2","action":"GetUpdates Response", "result":"SERVER_MORE_TO_DOWNLOAD"}
{"logTime":"0725/084938", "correlationVector":"mab3yZ58O4QmbwH3Gf93rk","action":"Initial GetUpdates", "result":""}
{"logTime":"0725/102156", "correlationVector":"ersRcIsbYRb7is29E2U75+.0","action":"FeedSettingFetch_homeCloud", "result":"0", "context":{}}
{"logTime":"0725/102206", "correlationVector":"MkuplRcJa0daHNCOmPLU4z.1","action":"SyncServerConnectionManagerRequest", "result":"SYNC_SERVER_OK", "context":{"environment":"48F630A6-CB1B-4CC7-86AF-0F6627234B58", "server":"AM3PEPF00000994"}}
{"logTime":"0725/102211", "correlationVector":"o8c7+kbFKhyg/UyWCpUfg9.1","action":"SyncServerConnectionManagerRequest", "result":"SYNC_SERVER_OK", "context":{"environment":"48F630A6-CB1B-4CC7-86AF-0F6627234B58", "server":"AM3PEPF00000994"}}
{"logTime":"0725/102211", "correlationVector":"MkuplRcJa0daHNCOmPLU4z","action":"Initial GetUpdates", "result":""}
{"logTime":"0725/102211", "correlationVector":"MkuplRcJa0daHNCOmPLU4z.2","action":"GetUpdates Response", "result":"SERVER_MORE_TO_DOWNLOAD"}
{"logTime":"0725/102211", "correlationVector":"o8c7+kbFKhyg/UyWCpUfg9","action":"Initial GetUpdates", "result":""}
{"logTime":"0725/102211", "correlationVector":"o8c7+kbFKhyg/UyWCpUfg9.2","action":"GetUpdates Response", "result":"SYNCER_OK"}
{"logTime":"0725/102212", "correlationVector":"cKJHwTV8DX8X51Wql+qrqF","action":"SyncServerConnectionManagerRequest", "result":"SYNC_SERVER_OK", "context":{"environment":"", "server":""}}
{"logTime":"0725/102212", "correlationVector":"LR7nOOOTfLQFE3I6OcClew","action":"Initial GetUpdates", "result":""}
{"logTime":"0725/102215", "correlationVector":"LR7nOOOTfLQFE3I6OcClew.1","action":"SyncServerConnectionManagerRequest", "result":"SYNC_SERVER_OK", "context":{"environment":"48F630A6-CB1B-4CC7-86AF-0F6627234B58", "server":"AM3PEPF00000994"}}
{"logTime":"0725/102215", "correlationVector":"LR7nOOOTfLQFE3I6OcClew.2","action":"GetUpdates Response", "result":"SERVER_MORE_TO_DOWNLOAD"}
{"logTime":"0725/102215", "correlationVector":"cO0d62EFhoIm/NO4lpjOcl","action":"Initial GetUpdates", "result":""}
{"logTime":"0725/102216", "correlationVector":"cO0d62EFhoIm/NO4lpjOcl.1","action":"SyncServerConnectionManagerRequest", "result":"SYNC_SERVER_OK", "context":{"environment":"48F630A6-CB1B-4CC7-86AF-0F6627234B58", "server":"AM3PEPF00000994"}}
{"logTime":"0725/102216", "correlationVector":"cO0d62EFhoIm/NO4lpjOcl.2","action":"GetUpdates Response", "result":"SERVER_MORE_TO_DOWNLOAD"}
{"logTime":"0725/102216", "correlationVector":"P66phVs4MVq9cpFGUtnPLm","action":"Initial GetUpdates", "result":""}
{"logTime":"0725/102225", "correlationVector":"P66phVs4MVq9cpFGUtnPLm.1","action":"SyncServerConnectionManagerRequest", "result":"SYNC_SERVER_OK", "context":{"environment":"48F630A6-CB1B-4CC7-86AF-0F6627234B58", "server":"AM3PEPF00000994"}}
{"logTime":"0725/102225", "correlationVector":"P66phVs4MVq9cpFGUtnPLm.2","action":"GetUpdates Response", "result":"SERVER_MORE_TO_DOWNLOAD"}
{"logTime":"0725/102225", "correlationVector":"tpRvjn+kpq4jfTjycsdlOZ","action":"Initial GetUpdates", "result":""}
{"logTime":"0725/102226", "correlationVector":"tpRvjn+kpq4jfTjycsdlOZ.1","action":"SyncServerConnectionManagerRequest", "result":"SYNC_SERVER_OK", "context":{"environment":"48F630A6-CB1B-4CC7-86AF-0F6627234B58", "server":"AM3PEPF00000994"}}
{"logTime":"0725/102226", "correlationVector":"tpRvjn+kpq4jfTjycsdlOZ.2","action":"GetUpdates Response", "result":"SERVER_MORE_TO_DOWNLOAD"}
{"logTime":"0725/102226", "correlationVector":"55uPRbvlwbEU9MG0ur6cxW","action":"Initial GetUpdates", "result":""}
{"logTime":"0725/102227", "correlationVector":"55uPRbvlwbEU9MG0ur6cxW.1","action":"SyncServerConnectionManagerRequest", "result":"SYNC_SERVER_OK", "context":{"environment":"48F630A6-CB1B-4CC7-86AF-0F6627234B58", "server":"AM3PEPF00000994"}}
{"logTime":"0725/102227", "correlationVector":"55uPRbvlwbEU9MG0ur6cxW.2","action":"GetUpdates Response", "result":"SERVER_MORE_TO_DOWNLOAD"}
{"logTime":"0725/102227", "correlationVector":"cJXyxUp7h1LZkglua4Rjgm","action":"Initial GetUpdates", "result":""}
{"logTime":"0725/102228", "correlationVector":"cJXyxUp7h1LZkglua4Rjgm.1","action":"SyncServerConnectionManagerRequest", "result":"SYNC_SERVER_OK", "context":{"environment":"48F630A6-CB1B-4CC7-86AF-0F6627234B58", "server":"AM3PEPF00000994"}}
{"logTime":"0725/102228", "correlationVector":"cJXyxUp7h1LZkglua4Rjgm.2","action":"GetUpdates Response", "result":"SYNCER_OK"}
{"logTime":"0725/102229", "correlationVector":"KCKGXtlb7TAEYGahL4jV38","action":"Initial GetUpdates", "result":""}
{"logTime":"0725/102230", "correlationVector":"KCKGXtlb7TAEYGahL4jV38.1","action":"SyncServerConnectionManagerRequest", "result":"SYNC_SERVER_OK", "context":{"environment":"48F630A6-CB1B-4CC7-86AF-0F6627234B58", "server":"AM3PEPF00000994"}}
{"logTime":"0725/102230", "correlationVector":"KCKGXtlb7TAEYGahL4jV38.2","action":"GetUpdates Response", "result":"SERVER_MORE_TO_DOWNLOAD"}
{"logTime":"0725/102230", "correlationVector":"tbYY2i1IMchaB9fJ6/0BVY","action":"Initial GetUpdates", "result":""}
{"logTime":"0725/102231", "correlationVector":"tbYY2i1IMchaB9fJ6/0BVY.1","action":"SyncServerConnectionManagerRequest", "result":"SYNC_SERVER_OK", "context":{"environment":"48F630A6-CB1B-4CC7-86AF-0F6627234B58", "server":"AM3PEPF00000994"}}
{"logTime":"0725/102231", "correlationVector":"tbYY2i1IMchaB9fJ6/0BVY.2","action":"GetUpdates Response", "result":"SERVER_MORE_TO_DOWNLOAD"}
{"logTime":"0725/102231", "correlationVector":"jKdhnG+5F4TO0p9SyMMbjp","action":"Initial GetUpdates", "result":""}
{"logTime":"0725/102232", "correlationVector":"jKdhnG+5F4TO0p9SyMMbjp.1","action":"SyncServerConnectionManagerRequest", "result":"SYNC_SERVER_OK", "context":{"environment":"48F630A6-CB1B-4CC7-86AF-0F6627234B58", "server":"AM3PEPF00000994"}}
{"logTime":"0725/102232", "correlationVector":"jKdhnG+5F4TO0p9SyMMbjp.2","action":"GetUpdates Response", "result":"SERVER_MORE_TO_DOWNLOAD"}
{"logTime":"0725/102232", "correlationVector":"Bus8Gb4SACAegS0tlHUGPi","action":"Initial GetUpdates", "result":""}
{"logTime":"0725/102232", "correlationVector":"Bus8Gb4SACAegS0tlHUGPi.1","action":"SyncServerConnectionManagerRequest", "result":"SYNC_SERVER_OK", "context":{"environment":"48F630A6-CB1B-4CC7-86AF-0F6627234B58", "server":"AM3PEPF00000994"}}
{"logTime":"0725/102232", "correlationVector":"Bus8Gb4SACAegS0tlHUGPi.2","action":"GetUpdates Response", "result":"SERVER_MORE_TO_DOWNLOAD"}
{"logTime":"0725/102233", "correlationVector":"6q+MlhHP5cg1f2lA9zABsq","action":"Initial GetUpdates", "result":""}
{"logTime":"0725/102233", "correlationVector":"6q+MlhHP5cg1f2lA9zABsq.1","action":"SyncServerConnectionManagerRequest", "result":"SYNC_SERVER_OK", "context":{"environment":"48F630A6-CB1B-4CC7-86AF-0F6627234B58", "server":"AM3PEPF00000994"}}
{"logTime":"0725/102233", "correlationVector":"6q+MlhHP5cg1f2lA9zABsq.2","action":"GetUpdates Response", "result":"SERVER_MORE_TO_DOWNLOAD"}
{"logTime":"0725/102233", "correlationVector":"n/QYqrX8jw1ebpzqDEtZOR","action":"Initial GetUpdates", "result":""}
{"logTime":"0725/102234", "correlationVector":"n/QYqrX8jw1ebpzqDEtZOR.1","action":"SyncServerConnectionManagerRequest", "result":"SYNC_SERVER_OK", "context":{"environment":"48F630A6-CB1B-4CC7-86AF-0F6627234B58", "server":"AM3PEPF00000994"}}
{"logTime":"0725/102234", "correlationVector":"n/QYqrX8jw1ebpzqDEtZOR.2","action":"GetUpdates Response", "result":"SERVER_MORE_TO_DOWNLOAD"}
{"logTime":"0725/102234", "correlationVector":"v3cQAs9u01s7odjK7fwRt+","action":"Initial GetUpdates", "result":""}
{"logTime":"0725/102237", "correlationVector":"v3cQAs9u01s7odjK7fwRt+.1","action":"SyncServerConnectionManagerRequest", "result":"SYNC_SERVER_OK", "context":{"environment":"48F630A6-CB1B-4CC7-86AF-0F6627234B58", "server":"AM3PEPF00000994"}}
{"logTime":"0725/102237", "correlationVector":"v3cQAs9u01s7odjK7fwRt+.2","action":"GetUpdates Response", "result":"SERVER_MORE_TO_DOWNLOAD"}
{"logTime":"0725/102237", "correlationVector":"J0BY1M4RRLGFXixa5nbDZY","action":"Initial GetUpdates", "result":""}
{"logTime":"0725/102238", "correlationVector":"J0BY1M4RRLGFXixa5nbDZY.1","action":"SyncServerConnectionManagerRequest", "result":"SYNC_SERVER_OK", "context":{"environment":"48F630A6-CB1B-4CC7-86AF-0F6627234B58", "server":"AM3PEPF00000994"}}
{"logTime":"0725/102238", "correlationVector":"J0BY1M4RRLGFXixa5nbDZY.2","action":"GetUpdates Response", "result":"SERVER_MORE_TO_DOWNLOAD"}
{"logTime":"0725/102238", "correlationVector":"iPj3VgoRphD9rORy9Fc+VV","action":"Initial GetUpdates", "result":""}
{"logTime":"0725/102239", "correlationVector":"iPj3VgoRphD9rORy9Fc+VV.1","action":"SyncServerConnectionManagerRequest", "result":"SYNC_SERVER_OK", "context":{"environment":"48F630A6-CB1B-4CC7-86AF-0F6627234B58", "server":"AM3PEPF00000994"}}
{"logTime":"0725/102239", "correlationVector":"iPj3VgoRphD9rORy9Fc+VV.2","action":"GetUpdates Response", "result":"SERVER_MORE_TO_DOWNLOAD"}
{"logTime":"0725/102239", "correlationVector":"Y76FxzIxu2rc5IOWn8gdGE","action":"Initial GetUpdates", "result":""}
{"logTime":"0725/102240", "correlationVector":"Y76FxzIxu2rc5IOWn8gdGE.1","action":"SyncServerConnectionManagerRequest", "result":"SYNC_SERVER_OK", "context":{"environment":"48F630A6-CB1B-4CC7-86AF-0F6627234B58", "server":"AM3PEPF00000994"}}
{"logTime":"0725/102240", "correlationVector":"Y76FxzIxu2rc5IOWn8gdGE.2","action":"GetUpdates Response", "result":"SERVER_MORE_TO_DOWNLOAD"}
{"logTime":"0725/102240", "correlationVector":"1+gMiOXefr/ozpzuaEKjib","action":"Initial GetUpdates", "result":""}
{"logTime":"0725/102241", "correlationVector":"1+gMiOXefr/ozpzuaEKjib.1","action":"SyncServerConnectionManagerRequest", "result":"SYNC_SERVER_OK", "context":{"environment":"48F630A6-CB1B-4CC7-86AF-0F6627234B58", "server":"AM3PEPF00000994"}}
{"logTime":"0725/102241", "correlationVector":"1+gMiOXefr/ozpzuaEKjib.2","action":"GetUpdates Response", "result":"SERVER_MORE_TO_DOWNLOAD"}
{"logTime":"0725/102241", "correlationVector":"PdjQjnwZvOh9jRiqgIHkom","action":"Initial GetUpdates", "result":""}
{"logTime":"0725/102243", "correlationVector":"PdjQjnwZvOh9jRiqgIHkom.1","action":"SyncServerConnectionManagerRequest", "result":"SYNC_SERVER_OK", "context":{"environment":"48F630A6-CB1B-4CC7-86AF-0F6627234B58", "server":"AM3PEPF00000994"}}
{"logTime":"0725/102243", "correlationVector":"PdjQjnwZvOh9jRiqgIHkom.2","action":"GetUpdates Response", "result":"SERVER_MORE_TO_DOWNLOAD"}
{"logTime":"0725/102243", "correlationVector":"sqeMttlNg8nRFFN8yDpSIH","action":"Initial GetUpdates", "result":""}
{"logTime":"0725/102244", "correlationVector":"sqeMttlNg8nRFFN8yDpSIH.1","action":"SyncServerConnectionManagerRequest", "result":"SYNC_SERVER_OK", "context":{"environment":"48F630A6-CB1B-4CC7-86AF-0F6627234B58", "server":"AM3PEPF00000994"}}
{"logTime":"0725/102244", "correlationVector":"sqeMttlNg8nRFFN8yDpSIH.2","action":"GetUpdates Response", "result":"SERVER_MORE_TO_DOWNLOAD"}
{"logTime":"0725/102244", "correlationVector":"AEhibr3wPsfnOlBFznV5Kl","action":"Initial GetUpdates", "result":""}
{"logTime":"0725/102245", "correlationVector":"AEhibr3wPsfnOlBFznV5Kl.1","action":"SyncServerConnectionManagerRequest", "result":"SYNC_SERVER_OK", "context":{"environment":"48F630A6-CB1B-4CC7-86AF-0F6627234B58", "server":"AM3PEPF00000994"}}
{"logTime":"0725/102245", "correlationVector":"AEhibr3wPsfnOlBFznV5Kl.2","action":"GetUpdates Response", "result":"SERVER_MORE_TO_DOWNLOAD"}
{"logTime":"0725/102245", "correlationVector":"HhrF7Ah+ZruMawlOj/g4bh","action":"Initial GetUpdates", "result":""}
{"logTime":"0725/102245", "correlationVector":"HhrF7Ah+ZruMawlOj/g4bh.1","action":"SyncServerConnectionManagerRequest", "result":"SYNC_SERVER_OK", "context":{"environment":"48F630A6-CB1B-4CC7-86AF-0F6627234B58", "server":"AM3PEPF00000994"}}
{"logTime":"0725/102245", "correlationVector":"HhrF7Ah+ZruMawlOj/g4bh.2","action":"GetUpdates Response", "result":"SERVER_MORE_TO_DOWNLOAD"}
{"logTime":"0725/102245", "correlationVector":"HLejbAJ45YytXRISHvOeTc","action":"Initial GetUpdates", "result":""}
{"logTime":"0725/102246", "correlationVector":"HLejbAJ45YytXRISHvOeTc.1","action":"SyncServerConnectionManagerRequest", "result":"SYNC_SERVER_OK", "context":{"environment":"48F630A6-CB1B-4CC7-86AF-0F6627234B58", "server":"AM3PEPF00000994"}}
{"logTime":"0725/102246", "correlationVector":"HLejbAJ45YytXRISHvOeTc.2","action":"GetUpdates Response", "result":"SERVER_MORE_TO_DOWNLOAD"}
{"logTime":"0725/102246", "correlationVector":"+bUlmcJ9jKzch8m5aA6hFf","action":"Initial GetUpdates", "result":""}
{"logTime":"0725/102247", "correlationVector":"+bUlmcJ9jKzch8m5aA6hFf.1","action":"SyncServerConnectionManagerRequest", "result":"SYNC_SERVER_OK", "context":{"environment":"48F630A6-CB1B-4CC7-86AF-0F6627234B58", "server":"AM3PEPF00000994"}}
{"logTime":"0725/102247", "correlationVector":"+bUlmcJ9jKzch8m5aA6hFf.2","action":"GetUpdates Response", "result":"SERVER_MORE_TO_DOWNLOAD"}
{"logTime":"0725/102247", "correlationVector":"OEgiJrJhEkbyZXKbB9hVxt","action":"Initial GetUpdates", "result":""}
{"logTime":"0725/102248", "correlationVector":"OEgiJrJhEkbyZXKbB9hVxt.1","action":"SyncServerConnectionManagerRequest", "result":"SYNC_SERVER_OK", "context":{"environment":"48F630A6-CB1B-4CC7-86AF-0F6627234B58", "server":"AM3PEPF00000994"}}
{"logTime":"0725/102248", "correlationVector":"OEgiJrJhEkbyZXKbB9hVxt.2","action":"GetUpdates Response", "result":"SERVER_MORE_TO_DOWNLOAD"}
{"logTime":"0725/102248", "correlationVector":"yYMrb6F3mf8Oz06jopoejg","action":"Initial GetUpdates", "result":""}
{"logTime":"0725/102249", "correlationVector":"yYMrb6F3mf8Oz06jopoejg.1","action":"SyncServerConnectionManagerRequest", "result":"SYNC_SERVER_OK", "context":{"environment":"48F630A6-CB1B-4CC7-86AF-0F6627234B58", "server":"AM3PEPF00000994"}}
{"logTime":"0725/102249", "correlationVector":"yYMrb6F3mf8Oz06jopoejg.2","action":"GetUpdates Response", "result":"SERVER_MORE_TO_DOWNLOAD"}
{"logTime":"0725/102249", "correlationVector":"nOl63saBBO+XTr/aNyg6HJ","action":"Initial GetUpdates", "result":""}
{"logTime":"0725/102250", "correlationVector":"nOl63saBBO+XTr/aNyg6HJ.1","action":"SyncServerConnectionManagerRequest", "result":"SYNC_SERVER_OK", "context":{"environment":"48F630A6-CB1B-4CC7-86AF-0F6627234B58", "server":"AM3PEPF00000994"}}
{"logTime":"0725/102250", "correlationVector":"nOl63saBBO+XTr/aNyg6HJ.2","action":"GetUpdates Response", "result":"SERVER_MORE_TO_DOWNLOAD"}
{"logTime":"0725/102250", "correlationVector":"vltgbQMAETCnk5avjd6gCV","action":"Initial GetUpdates", "result":""}
{"logTime":"0725/102250", "correlationVector":"vltgbQMAETCnk5avjd6gCV.1","action":"SyncServerConnectionManagerRequest", "result":"SYNC_SERVER_OK", "context":{"environment":"48F630A6-CB1B-4CC7-86AF-0F6627234B58", "server":"AM3PEPF00000994"}}
{"logTime":"0725/102250", "correlationVector":"vltgbQMAETCnk5avjd6gCV.2","action":"GetUpdates Response", "result":"SERVER_MORE_TO_DOWNLOAD"}
{"logTime":"0725/102250", "correlationVector":"/s1G2AOQP+cn8Sq1G1gOA3","action":"Initial GetUpdates", "result":""}
{"logTime":"0725/102251", "correlationVector":"/s1G2AOQP+cn8Sq1G1gOA3.1","action":"SyncServerConnectionManagerRequest", "result":"SYNC_SERVER_OK", "context":{"environment":"48F630A6-CB1B-4CC7-86AF-0F6627234B58", "server":"AM3PEPF00000994"}}
{"logTime":"0725/102251", "correlationVector":"/s1G2AOQP+cn8Sq1G1gOA3.2","action":"GetUpdates Response", "result":"SYNCER_OK"}
{"logTime":"0725/102251", "correlationVector":"e5//tFEYG6++mdejFcz64A","action":"Normal GetUpdate request", "result":""}
{"logTime":"0725/102251", "correlationVector":"e5//tFEYG6++mdejFcz64A.1","action":"SyncServerConnectionManagerRequest", "result":"SYNC_SERVER_OK", "context":{"environment":"48F630A6-CB1B-4CC7-86AF-0F6627234B58", "server":"AM3PEPF00000994"}}
{"logTime":"0725/102251", "correlationVector":"e5//tFEYG6++mdejFcz64A.2","action":"GetUpdates Response", "result":"SYNCER_OK"}
{"logTime":"0725/102252", "correlationVector":"XYn0kdTuG+z+fdSdO2A2zX","action":"Commit Request", "result":""}
{"logTime":"0725/102252", "correlationVector":"XYn0kdTuG+z+fdSdO2A2zX.1","action":"SyncServerConnectionManagerRequest", "result":"SYNC_SERVER_OK", "context":{"environment":"48F630A6-CB1B-4CC7-86AF-0F6627234B58", "server":"AM3PEPF00000994"}}
{"logTime":"0725/102252", "correlationVector":"XYn0kdTuG+z+fdSdO2A2zX.2","action":"Commit Response", "result":"SYNCER_OK"}
{"logTime":"0725/102256", "correlationVector":"vecYhyrl3qagGTM/0VLSAe","action":"Commit Request", "result":""}
{"logTime":"0725/102259", "correlationVector":"vecYhyrl3qagGTM/0VLSAe.1","action":"SyncServerConnectionManagerRequest", "result":"SYNC_SERVER_OK", "context":{"environment":"48F630A6-CB1B-4CC7-86AF-0F6627234B58", "server":"AM3PEPF00000994"}}
{"logTime":"0725/102259", "correlationVector":"vecYhyrl3qagGTM/0VLSAe.2","action":"Commit Response", "result":"SYNCER_OK"}
{"logTime":"0725/102545", "correlationVector":"5GO6YLVjXAxQsEaRw1oGUS","action":"Commit Request", "result":""}
{"logTime":"0725/102548", "correlationVector":"5GO6YLVjXAxQsEaRw1oGUS.1","action":"SyncServerConnectionManagerRequest", "result":"SYNC_SERVER_OK", "context":{"environment":"48F630A6-CB1B-4CC7-86AF-0F6627234B58", "server":"AM3PEPF00000987"}}
{"logTime":"0725/102548", "correlationVector":"5GO6YLVjXAxQsEaRw1oGUS.2","action":"Commit Response", "result":"SYNCER_OK"}
