{
   "last_audit_state": "Unknown",
   "last_audit_time": "",
   "last_audit_time_double": 0.0,
   "last_successful_sync_time": "25/07/2021, 16:25:48 GMT+6",
   "last_successful_sync_time_double": 1627208748.158219,
   "last_sync_time": "25/07/2021, 16:25:48 GMT+6",
   "last_sync_time_double": 1627208748.158219,
   "sync_internal_snapshots": [ {
      "bagOfChips": "CgEw",
      "birthday": "ProductionEnvironmentDefinition",
      "counter_entries": {
         "App List": {
            "numEntries": 0,
            "numToDeleteEntries": 0
         },
         "App settings": {
            "numEntries": 0,
            "numToDeleteEntries": 0
         },
         "Apps": {
            "numEntries": 0,
            "numToDeleteEntries": 0
         },
         "Arc Package": {
            "numEntries": 0,
            "numToDeleteEntries": 0
         },
         "Autofill": {
            "numEntries": 0,
            "numToDeleteEntries": 0
         },
         "Autofill Profiles": {
            "numEntries": 0,
            "numToDeleteEntries": 0
         },
         "Autofill Wallet": {
            "numEntries": 0,
            "numToDeleteEntries": 0
         },
         "Autofill Wallet Metadata": {
            "numEntries": 0,
            "numToDeleteEntries": 0
         },
         "Autofill Wallet Offer": {
            "numEntries": 0,
            "numToDeleteEntries": 0
         },
         "Bookmarks": {
            "numEntries": 0,
            "numToDeleteEntries": 0
         },
         "Collection": {
            "numEntries": 0,
            "numToDeleteEntries": 0
         },
         "Collections Metadata": {
            "numEntries": 0,
            "numToDeleteEntries": 0
         },
         "Device Info": {
            "numEntries": 0,
            "numToDeleteEntries": 0
         },
         "Dictionary": {
            "numEntries": 0,
            "numToDeleteEntries": 0
         },
         "Encryption Keys": {
            "numEntries": 0,
            "numToDeleteEntries": 0
         },
         "Extension settings": {
            "numEntries": 0,
            "numToDeleteEntries": 0
         },
         "Extensions": {
            "numEntries": 0,
            "numToDeleteEntries": 0
         },
         "History Delete Directives": {
            "numEntries": 0,
            "numToDeleteEntries": 0
         },
         "Managed User Settings": {
            "numEntries": 0,
            "numToDeleteEntries": 0
         },
         "OS Preferences": {
            "numEntries": 0,
            "numToDeleteEntries": 0
         },
         "OS Priority Preferences": {
            "numEntries": 0,
            "numToDeleteEntries": 0
         },
         "Passwords": {
            "numEntries": 0,
            "numToDeleteEntries": 0
         },
         "Preferences": {
            "numEntries": 0,
            "numToDeleteEntries": 0
         },
         "Printers": {
            "numEntries": 0,
            "numToDeleteEntries": 0
         },
         "Priority Preferences": {
            "numEntries": 0,
            "numToDeleteEntries": 0
         },
         "Reading List": {
            "numEntries": 0,
            "numToDeleteEntries": 0
         },
         "Search Engines": {
            "numEntries": 0,
            "numToDeleteEntries": 0
         },
         "Security Events": {
            "numEntries": 0,
            "numToDeleteEntries": 0
         },
         "Send Tab To Self": {
            "numEntries": 0,
            "numToDeleteEntries": 0
         },
         "Sessions": {
            "numEntries": 0,
            "numToDeleteEntries": 0
         },
         "Sharing Message": {
            "numEntries": 0,
            "numToDeleteEntries": 0
         },
         "Tabs": {
            "numEntries": 0,
            "numToDeleteEntries": 0
         },
         "Themes": {
            "numEntries": 0,
            "numToDeleteEntries": 0
         },
         "Typed URLs": {
            "numEntries": 0,
            "numToDeleteEntries": 0
         },
         "User Consents": {
            "numEntries": 0,
            "numToDeleteEntries": 0
         },
         "User Events": {
            "numEntries": 0,
            "numToDeleteEntries": 0
         },
         "Web Apps": {
            "numEntries": 0,
            "numToDeleteEntries": 0
         },
         "Wifi Configurations": {
            "numEntries": 0,
            "numToDeleteEntries": 0
         }
      },
      "cycle_cvs": "5GO6YLVjXAxQsEaRw1oGUS.1",
      "downloadProgressMarkers": {
         "Autofill": "XGLvv73vv71cdTAwMDFcdTAwMTJcYkpdMO+/vXpcdTAwMDFcdTAwMDBcdTAwMDA=",
         "Autofill Profiles": "XGLvv73vv71cdTAwMDNcdTAwMTJcYkpdMO+/vXpcdTAwMDFcdTAwMDBcdTAwMDA=",
         "Bookmarks": "XGLvv73vv71cdTAwMDJcdTAwMTJcYkpdMO+/vXpcdTAwMDFcdTAwMDBcdTAwMDA=",
         "Collection": "XGLvv73vv70nXHUwMDEyXGJKXTDvv716XHUwMDAxXHUwMDAwXHUwMDAw",
         "Device Info": "XGLvv73vv71cdFx1MDAxMlxiSl0w77+9elx1MDAwMVx1MDAwMFx1MDAwMA==",
         "Encryption Keys": "XGLvv73vv71cdTAwMDJcdTAwMTJcYkpdMO+/vXpcdTAwMDFcdTAwMDBcdTAwMDA=",
         "Extension settings": "XGLvv73vv71cdTAwMDVcdTAwMTJcYkpdMO+/vXpcdTAwMDFcdTAwMDBcdTAwMDA=",
         "Extensions": "XGLvv73vv71cdTAwMDJcdTAwMTJcYkpdMO+/vXpcdTAwMDFcdTAwMDBcdTAwMDA=",
         "Passwords": "XGLvv73vv71cdTAwMDJcdTAwMTJcYkpdMO+/vXpcdTAwMDFcdTAwMDBcdTAwMDA=",
         "Preferences": "XGLGplx1MDAwMlx1MDAxMlxiSl0w77+9elx1MDAwMVx1MDAwMFx1MDAwMA==",
         "Send Tab To Self": "XGLvv73vv70kXHUwMDEyXGJKXTDvv716XHUwMDAxXHUwMDAwXHUwMDAw"
      },
      "getUpdatesOrigin": "GU_TRIGGER",
      "hasRemainingLocalChanges": false,
      "isSilenced": false,
      "notificationsEnabled": true,
      "numEncryptionConflicts": 0,
      "numEntries": 0,
      "numHierarchyConflicts": 0,
      "numLocalOverwrites": 0,
      "numReflectedUpdatesDownloadedTotal": 0,
      "numServerConflicts": 0,
      "numServerOverwrites": 0,
      "numSuccessfulBookmarkCommits": 0,
      "numSuccessfulCommits": 1,
      "numTombstoneUpdatesDownloadedTotal": 0,
      "numUpdatesDownloadedTotal": 0,
      "poll_finish_time": "01/01/1970, 06:00:00 GMT+6",
      "poll_finish_time_double": 0.0,
      "poll_interval": "8h 0m",
      "poll_interval_int": 28800000,
      "sync_start_time": "25/07/2021, 16:25:45 GMT+6",
      "sync_start_time_double": 1627208745.590408
   } ]
}
